<?xml version="1.0" encoding="UTF-8"?>
<!-- Generated by org.testng.reporters.JUnitReportReporter -->
<testsuite hostname="FDC-ARNEL-QA" failures="0" tests="1" name="liveLogin" time="0.000" errors="0" timestamp="2024-04-29T13:26:42 SGT" skipped="1">
  <testcase classname="liveLogin" name="testCaseData" time="0.000">
    <skipped/>
  </testcase> <!-- testCaseData -->
  <system-out/>
</testsuite> <!-- liveLogin -->
