<?xml version="1.0" encoding="UTF-8"?>
<!-- Generated by org.testng.reporters.JUnitReportReporter -->
<testsuite hostname="FDC-ARNEL-MT-QA.localdomain" failures="0" tests="1" name="liveLogin" time="0.000" errors="0" timestamp="2024-05-02T12:14:24 PST" skipped="1">
  <testcase classname="liveLogin" name="testCaseData" time="0.000">
    <skipped/>
  </testcase> <!-- testCaseData -->
  <system-out/>
</testsuite> <!-- liveLogin -->
