<?xml version="1.0" encoding="UTF-8"?>
<!-- Generated by org.testng.reporters.JUnitReportReporter -->
<testsuite hostname="FDC-ARNEL-QA" failures="0" tests="1" name="testing" time="12.115" errors="0" timestamp="2024-04-26T17:33:18 SGT" skipped="0">
  <testcase classname="testing" name="main" time="12.115"/>
  <system-out/>
</testsuite> <!-- testing -->
