<?xml version="1.0" encoding="UTF-8"?>
<!-- Generated by org.testng.reporters.JUnitReportReporter -->
<testsuite hostname="FDC-ARNEL-MT-QA.localdomain" failures="0" tests="1" name="welcome_Page" time="43.734" errors="0" timestamp="2024-05-02T16:02:31 PST" skipped="0">
  <testcase classname="welcome_Page" name="main" time="43.734"/>
  <system-out/>
</testsuite> <!-- welcome_Page -->
